This is pdfTeX, Version 3.141592653-2.6-1.40.27 (TeX Live 2025/nixos.org) (preloaded format=pdflatex 1980.1.1)  13 OCT 2025 21:10
entering extended mode
 restricted \write18 enabled.
 file:line:error style messages enabled.
 %&-line parsing enabled.
**/home/raphael/Notes/Lecture_Notes/Template/main.tex
(/home/raphael/Notes/Lecture_Notes/Template/main.tex
LaTeX2e <2025-06-01> patch level 1
L3 programming layer <2025-06-09>
(/nix/store/73g1xcs7srr4kf6kabap0zg2hr354f8l-texlive-2025-env-texmfdist/tex/latex/base/article.cls
Document Class: article 2025/01/22 v1.4n Standard LaTeX document class
(/nix/store/73g1xcs7srr4kf6kabap0zg2hr354f8l-texlive-2025-env-texmfdist/tex/latex/base/size10.clo
File: size10.clo 2025/01/22 v1.4n Standard LaTeX file (size option)
)
\c@part=\count275
\c@section=\count276
\c@subsection=\count277
\c@subsubsection=\count278
\c@paragraph=\count279
\c@subparagraph=\count280
\c@figure=\count281
\c@table=\count282
\abovecaptionskip=\skip49
\belowcaptionskip=\skip50
\bibindent=\dimen148
) (/nix/store/73g1xcs7srr4kf6kabap0zg2hr354f8l-texlive-2025-env-texmfdist/tex/latex/import/import.sty
Package: import 2020/04/01  v 6.2
) (/nix/store/73g1xcs7srr4kf6kabap0zg2hr354f8l-texlive-2025-env-texmfdist/tex/latex/xcolor/xcolor.sty
Package: xcolor 2024/09/29 v3.02 LaTeX color extensions (UK)
 (/nix/store/73g1xcs7srr4kf6kabap0zg2hr354f8l-texlive-2025-env-texmfdist/tex/latex/graphics-cfg/color.cfg
File: color.cfg 2016/01/02 v1.6 sample color configuration
)
Package xcolor Info: Driver file: pdftex.def on input line 274.
 (/nix/store/73g1xcs7srr4kf6kabap0zg2hr354f8l-texlive-2025-env-texmfdist/tex/latex/graphics-def/pdftex.def
File: pdftex.def 2024/04/13 v1.2c Graphics/color driver for pdftex
) (/nix/store/73g1xcs7srr4kf6kabap0zg2hr354f8l-texlive-2025-env-texmfdist/tex/latex/graphics/mathcolor.ltx)
Package xcolor Info: Model `cmy' substituted by `cmy0' on input line 1349.
Package xcolor Info: Model `hsb' substituted by `rgb' on input line 1353.
Package xcolor Info: Model `RGB' extended on input line 1365.
Package xcolor Info: Model `HTML' substituted by `rgb' on input line 1367.
Package xcolor Info: Model `Hsb' substituted by `hsb' on input line 1368.
Package xcolor Info: Model `tHsb' substituted by `hsb' on input line 1369.
Package xcolor Info: Model `HSB' substituted by `hsb' on input line 1370.
Package xcolor Info: Model `Gray' substituted by `gray' on input line 1371.
Package xcolor Info: Model `wave' substituted by `hsb' on input line 1372.
) (/nix/store/73g1xcs7srr4kf6kabap0zg2hr354f8l-texlive-2025-env-texmfdist/tex/latex/cancel/cancel.sty
Package: cancel 2013/04/12 v2.2 Cancel math terms
) (/nix/store/73g1xcs7srr4kf6kabap0zg2hr354f8l-texlive-2025-env-texmfdist/tex/latex/mathtools/mathtools.sty
Package: mathtools 2024/10/04 v1.31 mathematical typesetting tools
 (/nix/store/73g1xcs7srr4kf6kabap0zg2hr354f8l-texlive-2025-env-texmfdist/tex/latex/graphics/keyval.sty
Package: keyval 2022/05/29 v1.15 key=value parser (DPC)
\KV@toks@=\toks17
) (/nix/store/73g1xcs7srr4kf6kabap0zg2hr354f8l-texlive-2025-env-texmfdist/tex/latex/tools/calc.sty
Package: calc 2025/03/01 v4.3b Infix arithmetic (KKT,FJ)
\calc@Acount=\count283
\calc@Bcount=\count284
\calc@Adimen=\dimen149
\calc@Bdimen=\dimen150
\calc@Askip=\skip51
\calc@Bskip=\skip52
LaTeX Info: Redefining \setlength on input line 86.
LaTeX Info: Redefining \addtolength on input line 87.
\calc@Ccount=\count285
\calc@Cskip=\skip53
) (/nix/store/73g1xcs7srr4kf6kabap0zg2hr354f8l-texlive-2025-env-texmfdist/tex/latex/mathtools/mhsetup.sty
Package: mhsetup 2021/03/18 v1.4 programming setup (MH)
) (/nix/store/73g1xcs7srr4kf6kabap0zg2hr354f8l-texlive-2025-env-texmfdist/tex/latex/amsmath/amsmath.sty
Package: amsmath 2025/06/16 v2.17y AMS math features
\@mathmargin=\skip54

For additional information on amsmath, use the `?' option.
(/nix/store/73g1xcs7srr4kf6kabap0zg2hr354f8l-texlive-2025-env-texmfdist/tex/latex/amsmath/amstext.sty
Package: amstext 2024/11/17 v2.01 AMS text
 (/nix/store/73g1xcs7srr4kf6kabap0zg2hr354f8l-texlive-2025-env-texmfdist/tex/latex/amsmath/amsgen.sty
File: amsgen.sty 1999/11/30 v2.0 generic functions
\@emptytoks=\toks18
\ex@=\dimen151
)) (/nix/store/73g1xcs7srr4kf6kabap0zg2hr354f8l-texlive-2025-env-texmfdist/tex/latex/amsmath/amsbsy.sty
Package: amsbsy 1999/11/29 v1.2d Bold Symbols
\pmbraise@=\dimen152
) (/nix/store/73g1xcs7srr4kf6kabap0zg2hr354f8l-texlive-2025-env-texmfdist/tex/latex/amsmath/amsopn.sty
Package: amsopn 2022/04/08 v2.04 operator names
)
\inf@bad=\count286
LaTeX Info: Redefining \frac on input line 233.
\uproot@=\count287
\leftroot@=\count288
LaTeX Info: Redefining \overline on input line 398.
LaTeX Info: Redefining \colon on input line 409.
\classnum@=\count289
\DOTSCASE@=\count290
LaTeX Info: Redefining \ldots on input line 495.
LaTeX Info: Redefining \dots on input line 498.
LaTeX Info: Redefining \cdots on input line 619.
\Mathstrutbox@=\box53
\strutbox@=\box54
LaTeX Info: Redefining \big on input line 721.
LaTeX Info: Redefining \Big on input line 722.
LaTeX Info: Redefining \bigg on input line 723.
LaTeX Info: Redefining \Bigg on input line 724.
\big@size=\dimen153
LaTeX Font Info:    Redeclaring font encoding OML on input line 742.
LaTeX Font Info:    Redeclaring font encoding OMS on input line 743.
\macc@depth=\count291
LaTeX Info: Redefining \bmod on input line 904.
LaTeX Info: Redefining \pmod on input line 909.
LaTeX Info: Redefining \smash on input line 939.
LaTeX Info: Redefining \relbar on input line 969.
LaTeX Info: Redefining \Relbar on input line 970.
\c@MaxMatrixCols=\count292
\dotsspace@=\muskip17
\c@parentequation=\count293
\dspbrk@lvl=\count294
\tag@help=\toks19
\row@=\count295
\column@=\count296
\maxfields@=\count297
\andhelp@=\toks20
\eqnshift@=\dimen154
\alignsep@=\dimen155
\tagshift@=\dimen156
\tagwidth@=\dimen157
\totwidth@=\dimen158
\lineht@=\dimen159
\@envbody=\toks21
\multlinegap=\skip55
\multlinetaggap=\skip56
\mathdisplay@stack=\toks22
LaTeX Info: Redefining \[ on input line 2949.
LaTeX Info: Redefining \] on input line 2950.
)
\g_MT_multlinerow_int=\count298
\l_MT_multwidth_dim=\dimen160
\origjot=\skip57
\l_MT_shortvdotswithinadjustabove_dim=\dimen161
\l_MT_shortvdotswithinadjustbelow_dim=\dimen162
\l_MT_above_intertext_sep=\dimen163
\l_MT_below_intertext_sep=\dimen164
\l_MT_above_shortintertext_sep=\dimen165
\l_MT_below_shortintertext_sep=\dimen166
\xmathstrut@box=\box55
\xmathstrut@dim=\dimen167
) (././preamble.sty (/nix/store/73g1xcs7srr4kf6kabap0zg2hr354f8l-texlive-2025-env-texmfdist/tex/latex/base/ifthen.sty
Package: ifthen 2024/03/16 v1.1e Standard LaTeX ifthen package (DPC)
)
LaTeX Info: Redefining \{ on input line 27.
LaTeX Info: Redefining \} on input line 28.
) (/nix/store/73g1xcs7srr4kf6kabap0zg2hr354f8l-texlive-2025-env-texmfdist/tex/latex/titling/titling.sty
Package: titling 2009/09/04 v2.1d maketitle typesetting
\thanksmarkwidth=\skip58
\thanksmargin=\skip59
\droptitle=\skip60
) (/nix/store/73g1xcs7srr4kf6kabap0zg2hr354f8l-texlive-2025-env-texmfdist/tex/latex/base/fontenc.sty
Package: fontenc 2024/12/21 v2.1c Standard LaTeX package
) (/nix/store/73g1xcs7srr4kf6kabap0zg2hr354f8l-texlive-2025-env-texmfdist/tex/latex/fouriernc/fouriernc.sty
Package: fouriernc 2005/12/20 1.0 fouriernc package
 (/nix/store/73g1xcs7srr4kf6kabap0zg2hr354f8l-texlive-2025-env-texmfdist/tex/latex/fourier/fourier.sty
Package: fourier 2024/09/08 2.4 fourier-GUTenberg package
 (/nix/store/73g1xcs7srr4kf6kabap0zg2hr354f8l-texlive-2025-env-texmfdist/tex/generic/iftex/iftex.sty
Package: iftex 2024/12/12 v1.0g TeX engine tests
)
Now handling font encoding FML ...
... no UTF-8 mapping file for font encoding FML
Now handling font encoding FMS ...
... no UTF-8 mapping file for font encoding FMS
Now handling font encoding FMX ...
... no UTF-8 mapping file for font encoding FMX
 (/nix/store/73g1xcs7srr4kf6kabap0zg2hr354f8l-texlive-2025-env-texmfdist/tex/latex/base/fontenc.sty
Package: fontenc 2024/12/21 v2.1c Standard LaTeX package
LaTeX Font Info:    Trying to load font information for T1+futs on input line 116.
 (/nix/store/73g1xcs7srr4kf6kabap0zg2hr354f8l-texlive-2025-env-texmfdist/tex/latex/fourier/t1futs.fd
File: t1futs.fd 2004/03/02 Fontinst v1.926 font definitions for T1/futs.
)) (/nix/store/73g1xcs7srr4kf6kabap0zg2hr354f8l-texlive-2025-env-texmfdist/tex/latex/base/textcomp.sty
Package: textcomp 2024/04/24 v2.1b Standard LaTeX package
) (/nix/store/73g1xcs7srr4kf6kabap0zg2hr354f8l-texlive-2025-env-texmfdist/tex/latex/fourier/fourier-orns.sty
Package: fourier-orns 2024/09/08 2.4 fourier-ornaments package
)
LaTeX Font Info:    Redeclaring symbol font `operators' on input line 64.
LaTeX Font Info:    Encoding `OT1' has changed to `T1' for symbol font
(Font)              `operators' in the math version `normal' on input line 64.
LaTeX Font Info:    Overwriting symbol font `operators' in version `normal'
(Font)                  OT1/cmr/m/n --> T1/futs/m/n on input line 64.
LaTeX Font Info:    Encoding `OT1' has changed to `T1' for symbol font
(Font)              `operators' in the math version `bold' on input line 64.
LaTeX Font Info:    Overwriting symbol font `operators' in version `bold'
(Font)                  OT1/cmr/bx/n --> T1/futs/m/n on input line 64.
LaTeX Font Info:    Overwriting symbol font `operators' in version `bold'
(Font)                  T1/futs/m/n --> T1/futs/b/n on input line 65.
LaTeX Font Info:    Redeclaring symbol font `letters' on input line 73.
LaTeX Font Info:    Encoding `OML' has changed to `FML' for symbol font
(Font)              `letters' in the math version `normal' on input line 73.
LaTeX Font Info:    Overwriting symbol font `letters' in version `normal'
(Font)                  OML/cmm/m/it --> FML/futmi/m/it on input line 73.
LaTeX Font Info:    Encoding `OML' has changed to `FML' for symbol font
(Font)              `letters' in the math version `bold' on input line 73.
LaTeX Font Info:    Overwriting symbol font `letters' in version `bold'
(Font)                  OML/cmm/b/it --> FML/futmi/m/it on input line 73.
\symotherletters=\mathgroup4
LaTeX Font Info:    Overwriting symbol font `letters' in version `bold'
(Font)                  FML/futmi/m/it --> FML/futmi/b/it on input line 75.
LaTeX Font Info:    Overwriting symbol font `otherletters' in version `bold'
(Font)                  FML/futm/m/it --> FML/futm/b/it on input line 76.
LaTeX Font Info:    Redeclaring math symbol \Gamma on input line 77.
LaTeX Font Info:    Redeclaring math symbol \Delta on input line 78.
LaTeX Font Info:    Redeclaring math symbol \Theta on input line 79.
LaTeX Font Info:    Redeclaring math symbol \Lambda on input line 80.
LaTeX Font Info:    Redeclaring math symbol \Xi on input line 81.
LaTeX Font Info:    Redeclaring math symbol \Pi on input line 82.
LaTeX Font Info:    Redeclaring math symbol \Sigma on input line 83.
LaTeX Font Info:    Redeclaring math symbol \Upsilon on input line 84.
LaTeX Font Info:    Redeclaring math symbol \Phi on input line 85.
LaTeX Font Info:    Redeclaring math symbol \Psi on input line 86.
LaTeX Font Info:    Redeclaring math symbol \Omega on input line 87.
LaTeX Font Info:    Redeclaring symbol font `symbols' on input line 127.
LaTeX Font Info:    Encoding `OMS' has changed to `FMS' for symbol font
(Font)              `symbols' in the math version `normal' on input line 127.
LaTeX Font Info:    Overwriting symbol font `symbols' in version `normal'
(Font)                  OMS/cmsy/m/n --> FMS/futm/m/n on input line 127.
LaTeX Font Info:    Encoding `OMS' has changed to `FMS' for symbol font
(Font)              `symbols' in the math version `bold' on input line 127.
LaTeX Font Info:    Overwriting symbol font `symbols' in version `bold'
(Font)                  OMS/cmsy/b/n --> FMS/futm/m/n on input line 127.
LaTeX Font Info:    Redeclaring symbol font `largesymbols' on input line 128.
LaTeX Font Info:    Encoding `OMX' has changed to `FMX' for symbol font
(Font)              `largesymbols' in the math version `normal' on input line 128.
LaTeX Font Info:    Overwriting symbol font `largesymbols' in version `normal'
(Font)                  OMX/cmex/m/n --> FMX/futm/m/n on input line 128.
LaTeX Font Info:    Encoding `OMX' has changed to `FMX' for symbol font
(Font)              `largesymbols' in the math version `bold' on input line 128.
LaTeX Font Info:    Overwriting symbol font `largesymbols' in version `bold'
(Font)                  OMX/cmex/m/n --> FMX/futm/m/n on input line 128.
LaTeX Font Info:    Redeclaring math alphabet \mathbf on input line 129.
LaTeX Font Info:    Overwriting math alphabet `\mathbf' in version `normal'
(Font)                  OT1/cmr/bx/n --> T1/futs/bx/n on input line 129.
LaTeX Font Info:    Overwriting math alphabet `\mathbf' in version `bold'
(Font)                  OT1/cmr/bx/n --> T1/futs/bx/n on input line 129.
LaTeX Font Info:    Redeclaring math alphabet \mathrm on input line 130.
LaTeX Font Info:    Redeclaring math alphabet \mathit on input line 131.
LaTeX Font Info:    Overwriting math alphabet `\mathit' in version `normal'
(Font)                  OT1/cmr/m/it --> T1/futs/m/it on input line 131.
LaTeX Font Info:    Overwriting math alphabet `\mathit' in version `bold'
(Font)                  OT1/cmr/bx/it --> T1/futs/m/it on input line 131.
LaTeX Font Info:    Redeclaring math alphabet \mathcal on input line 132.
LaTeX Font Info:    Redeclaring math symbol \parallel on input line 148.
LaTeX Font Info:    Redeclaring math symbol \hbar on input line 162.
LaTeX Font Info:    Redeclaring math symbol \varkappa on input line 200.
LaTeX Font Info:    Redeclaring math symbol \varvarrho on input line 201.
LaTeX Font Info:    Redeclaring math delimiter \Vert on input line 224.
LaTeX Font Info:    Redeclaring math delimiter \vert on input line 229.
LaTeX Font Info:    Redeclaring math delimiter \lvert on input line 231.
LaTeX Font Info:    Redeclaring math delimiter \rvert on input line 233.
LaTeX Font Info:    Redeclaring math delimiter \lVert on input line 235.
LaTeX Font Info:    Redeclaring math delimiter \rVert on input line 237.
LaTeX Font Info:    Redeclaring math delimiter \Downarrow on input line 239.
LaTeX Font Info:    Redeclaring math delimiter \backslash on input line 241.
LaTeX Font Info:    Redeclaring math delimiter \rangle on input line 243.
LaTeX Font Info:    Redeclaring math delimiter \langle on input line 245.
LaTeX Font Info:    Redeclaring math delimiter \rbrace on input line 247.
LaTeX Font Info:    Redeclaring math delimiter \lbrace on input line 249.
LaTeX Font Info:    Redeclaring math delimiter \rceil on input line 251.
LaTeX Font Info:    Redeclaring math delimiter \lceil on input line 253.
LaTeX Font Info:    Redeclaring math delimiter \rfloor on input line 255.
LaTeX Font Info:    Redeclaring math delimiter \lfloor on input line 257.
LaTeX Font Info:    Redeclaring math accent \acute on input line 261.
LaTeX Font Info:    Redeclaring math accent \grave on input line 262.
LaTeX Font Info:    Redeclaring math accent \ddot on input line 263.
LaTeX Font Info:    Redeclaring math accent \tilde on input line 264.
LaTeX Font Info:    Redeclaring math accent \bar on input line 265.
LaTeX Font Info:    Redeclaring math accent \breve on input line 266.
LaTeX Font Info:    Redeclaring math accent \check on input line 267.
LaTeX Font Info:    Redeclaring math accent \hat on input line 268.
LaTeX Font Info:    Redeclaring math accent \dot on input line 269.
LaTeX Font Info:    Redeclaring math accent \mathring on input line 270.
\symUfutm=\mathgroup5
)
LaTeX Font Info:    Redeclaring symbol font `letters' on input line 16.
LaTeX Font Info:    Overwriting symbol font `letters' in version `normal'
(Font)                  FML/futmi/m/it --> FML/fncmi/m/it on input line 16.
LaTeX Font Info:    Overwriting symbol font `letters' in version `bold'
(Font)                  FML/futmi/b/it --> FML/fncmi/m/it on input line 16.
LaTeX Font Info:    Redeclaring symbol font `otherletters' on input line 17.
LaTeX Font Info:    Overwriting symbol font `otherletters' in version `normal'
(Font)                  FML/futm/m/it --> FML/fncm/m/it on input line 17.
LaTeX Font Info:    Overwriting symbol font `otherletters' in version `bold'
(Font)                  FML/futm/b/it --> FML/fncm/m/it on input line 17.
LaTeX Font Info:    Overwriting symbol font `letters' in version `bold'
(Font)                  FML/fncmi/m/it --> FML/fncmi/b/it on input line 18.
LaTeX Font Info:    Overwriting symbol font `otherletters' in version `bold'
(Font)                  FML/fncm/m/it --> FML/fncm/b/it on input line 19.
LaTeX Font Info:    Redeclaring symbol font `operators' on input line 32.
LaTeX Font Info:    Overwriting symbol font `operators' in version `normal'
(Font)                  T1/futs/m/n --> T1/fnc/m/n on input line 32.
LaTeX Font Info:    Overwriting symbol font `operators' in version `bold'
(Font)                  T1/futs/b/n --> T1/fnc/m/n on input line 32.
LaTeX Font Info:    Overwriting symbol font `operators' in version `bold'
(Font)                  T1/fnc/m/n --> T1/fnc/b/n on input line 33.
LaTeX Font Info:    Redeclaring symbol font `symbols' on input line 34.
LaTeX Font Info:    Overwriting symbol font `symbols' in version `normal'
(Font)                  FMS/futm/m/n --> FMS/fncm/m/n on input line 34.
LaTeX Font Info:    Overwriting symbol font `symbols' in version `bold'
(Font)                  FMS/futm/m/n --> FMS/fncm/m/n on input line 34.
LaTeX Font Info:    Redeclaring math alphabet \mathbf on input line 35.
LaTeX Font Info:    Overwriting math alphabet `\mathbf' in version `normal'
(Font)                  T1/futs/bx/n --> T1/fnc/b/n on input line 35.
LaTeX Font Info:    Overwriting math alphabet `\mathbf' in version `bold'
(Font)                  T1/futs/bx/n --> T1/fnc/b/n on input line 35.
LaTeX Font Info:    Redeclaring math alphabet \mathrm on input line 36.
LaTeX Font Info:    Overwriting math alphabet `\mathrm' in version `normal'
(Font)                  T1/futs/m/n --> T1/fnc/m/n on input line 36.
LaTeX Font Info:    Overwriting math alphabet `\mathrm' in version `bold'
(Font)                  T1/futs/m/n --> T1/fnc/m/n on input line 36.
LaTeX Font Info:    Redeclaring math alphabet \mathit on input line 37.
LaTeX Font Info:    Overwriting math alphabet `\mathit' in version `normal'
(Font)                  T1/futs/m/it --> T1/fnc/m/it on input line 37.
LaTeX Font Info:    Overwriting math alphabet `\mathit' in version `bold'
(Font)                  T1/futs/m/it --> T1/fnc/m/it on input line 37.
LaTeX Font Info:    Redeclaring math alphabet \mathcal on input line 38.
LaTeX Font Info:    Overwriting math alphabet `\mathcal' in version `normal'
(Font)                  FMS/futm/m/n --> FMS/fncm/m/n on input line 38.
LaTeX Font Info:    Overwriting math alphabet `\mathcal' in version `bold'
(Font)                  FMS/futm/m/n --> FMS/fncm/m/n on input line 38.
) (/nix/store/73g1xcs7srr4kf6kabap0zg2hr354f8l-texlive-2025-env-texmfdist/tex/latex/sectsty/sectsty.sty
Package: sectsty 2002/02/25 v2.0.2 Commands to change all sectional heading styles


LaTeX Warning: Command \underbar  has changed.
               Check if current package is valid.


LaTeX Warning: Command \underline  has changed.
               Check if current package is valid.

) (/nix/store/73g1xcs7srr4kf6kabap0zg2hr354f8l-texlive-2025-env-texmfdist/tex/latex/graphics/graphicx.sty
Package: graphicx 2024/12/31 v1.2e Enhanced LaTeX Graphics (DPC,SPQR)
 (/nix/store/73g1xcs7srr4kf6kabap0zg2hr354f8l-texlive-2025-env-texmfdist/tex/latex/graphics/graphics.sty
Package: graphics 2024/08/06 v1.4g Standard LaTeX Graphics (DPC,SPQR)
 (/nix/store/73g1xcs7srr4kf6kabap0zg2hr354f8l-texlive-2025-env-texmfdist/tex/latex/graphics/trig.sty
Package: trig 2023/12/02 v1.11 sin cos tan (DPC)
) (/nix/store/73g1xcs7srr4kf6kabap0zg2hr354f8l-texlive-2025-env-texmfdist/tex/latex/graphics-cfg/graphics.cfg
File: graphics.cfg 2016/06/04 v1.11 sample graphics configuration
)
Package graphics Info: Driver file: pdftex.def on input line 106.
)
\Gin@req@height=\dimen168
\Gin@req@width=\dimen169
) (/nix/store/73g1xcs7srr4kf6kabap0zg2hr354f8l-texlive-2025-env-texmfdist/tex/latex/amsfonts/amsfonts.sty
Package: amsfonts 2013/01/14 v3.01 Basic AMSFonts support
\symAMSa=\mathgroup6
\symAMSb=\mathgroup7
LaTeX Font Info:    Overwriting math alphabet `\mathfrak' in version `bold'
(Font)                  U/euf/m/n --> U/euf/b/n on input line 106.
LaTeX Font Info:    Redeclaring math symbol \square on input line 141.
) (/nix/store/73g1xcs7srr4kf6kabap0zg2hr354f8l-texlive-2025-env-texmfdist/tex/latex/amsfonts/amssymb.sty
Package: amssymb 2013/01/14 v3.01 AMS font symbols
LaTeX Font Info:    Redeclaring math symbol \blacksquare on input line 48.
LaTeX Font Info:    Redeclaring math symbol \vDash on input line 60.
LaTeX Font Info:    Redeclaring math symbol \leftleftarrows on input line 63.
LaTeX Font Info:    Redeclaring math symbol \rightrightarrows on input line 64.
LaTeX Font Info:    Redeclaring math symbol \leqslant on input line 101.
LaTeX Font Info:    Redeclaring math symbol \geqslant on input line 108.
LaTeX Font Info:    Redeclaring math symbol \blacktriangleright on input line 120.
LaTeX Font Info:    Redeclaring math symbol \blacktriangleleft on input line 121.
LaTeX Font Info:    Redeclaring math symbol \complement on input line 165.
LaTeX Font Info:    Redeclaring math symbol \intercal on input line 166.
LaTeX Font Info:    Redeclaring math symbol \nleqslant on input line 181.
LaTeX Font Info:    Redeclaring math symbol \ngeqslant on input line 182.
LaTeX Font Info:    Redeclaring math symbol \varsubsetneq on input line 203.
LaTeX Font Info:    Redeclaring math symbol \subsetneqq on input line 207.
LaTeX Font Info:    Redeclaring math symbol \nparallel on input line 215.
LaTeX Font Info:    Redeclaring math symbol \nvDash on input line 221.
LaTeX Font Info:    Redeclaring math symbol \nexists on input line 235.
LaTeX Font Info:    Redeclaring math symbol \smallsetminus on input line 251.
LaTeX Font Info:    Redeclaring math symbol \curvearrowleft on input line 257.
LaTeX Font Info:    Redeclaring math symbol \curvearrowright on input line 258.
LaTeX Font Info:    Redeclaring math symbol \varkappa on input line 260.
LaTeX Font Info:    Redeclaring math symbol \hslash on input line 262.
) (/nix/store/73g1xcs7srr4kf6kabap0zg2hr354f8l-texlive-2025-env-texmfdist/tex/latex/tcolorbox/tcolorbox.sty
Package: tcolorbox 2025/06/04 version 6.6.0 text color boxes
 (/nix/store/73g1xcs7srr4kf6kabap0zg2hr354f8l-texlive-2025-env-texmfdist/tex/latex/pgf/frontendlayer/tikz.sty (/nix/store/73g1xcs7srr4kf6kabap0zg2hr354f8l-texlive-2025-env-texmfdist/tex/latex/pgf/basiclayer/pgf.sty (/nix/store/73g1xcs7srr4kf6kabap0zg2hr354f8l-texlive-2025-env-texmfdist/tex/latex/pgf/utilities/pgfrcs.sty (/nix/store/73g1xcs7srr4kf6kabap0zg2hr354f8l-texlive-2025-env-texmfdist/tex/generic/pgf/utilities/pgfutil-common.tex
\pgfutil@everybye=\toks23
\pgfutil@tempdima=\dimen170
\pgfutil@tempdimb=\dimen171
) (/nix/store/73g1xcs7srr4kf6kabap0zg2hr354f8l-texlive-2025-env-texmfdist/tex/generic/pgf/utilities/pgfutil-latex.def
\pgfutil@abb=\box56
) (/nix/store/73g1xcs7srr4kf6kabap0zg2hr354f8l-texlive-2025-env-texmfdist/tex/generic/pgf/utilities/pgfrcs.code.tex (/nix/store/73g1xcs7srr4kf6kabap0zg2hr354f8l-texlive-2025-env-texmfdist/tex/generic/pgf/pgf.revision.tex)
Package: pgfrcs 2023-01-15 v3.1.10 (3.1.10)
))
Package: pgf 2023-01-15 v3.1.10 (3.1.10)
 (/nix/store/73g1xcs7srr4kf6kabap0zg2hr354f8l-texlive-2025-env-texmfdist/tex/latex/pgf/basiclayer/pgfcore.sty (/nix/store/73g1xcs7srr4kf6kabap0zg2hr354f8l-texlive-2025-env-texmfdist/tex/latex/pgf/systemlayer/pgfsys.sty (/nix/store/73g1xcs7srr4kf6kabap0zg2hr354f8l-texlive-2025-env-texmfdist/tex/generic/pgf/systemlayer/pgfsys.code.tex
Package: pgfsys 2023-01-15 v3.1.10 (3.1.10)
 (/nix/store/73g1xcs7srr4kf6kabap0zg2hr354f8l-texlive-2025-env-texmfdist/tex/generic/pgf/utilities/pgfkeys.code.tex
\pgfkeys@pathtoks=\toks24
\pgfkeys@temptoks=\toks25
 (/nix/store/73g1xcs7srr4kf6kabap0zg2hr354f8l-texlive-2025-env-texmfdist/tex/generic/pgf/utilities/pgfkeyslibraryfiltered.code.tex
\pgfkeys@tmptoks=\toks26
))
\pgf@x=\dimen172
\pgf@y=\dimen173
\pgf@xa=\dimen174
\pgf@ya=\dimen175
\pgf@xb=\dimen176
\pgf@yb=\dimen177
\pgf@xc=\dimen178
\pgf@yc=\dimen179
\pgf@xd=\dimen180
\pgf@yd=\dimen181
\w@pgf@writea=\write3
\r@pgf@reada=\read2
\c@pgf@counta=\count299
\c@pgf@countb=\count300
\c@pgf@countc=\count301
\c@pgf@countd=\count302
\t@pgf@toka=\toks27
\t@pgf@tokb=\toks28
\t@pgf@tokc=\toks29
\pgf@sys@id@count=\count303
 (/nix/store/73g1xcs7srr4kf6kabap0zg2hr354f8l-texlive-2025-env-texmfdist/tex/generic/pgf/systemlayer/pgf.cfg
File: pgf.cfg 2023-01-15 v3.1.10 (3.1.10)
)
Driver file for pgf: pgfsys-pdftex.def
 (/nix/store/73g1xcs7srr4kf6kabap0zg2hr354f8l-texlive-2025-env-texmfdist/tex/generic/pgf/systemlayer/pgfsys-pdftex.def
File: pgfsys-pdftex.def 2023-01-15 v3.1.10 (3.1.10)
 (/nix/store/73g1xcs7srr4kf6kabap0zg2hr354f8l-texlive-2025-env-texmfdist/tex/generic/pgf/systemlayer/pgfsys-common-pdf.def
File: pgfsys-common-pdf.def 2023-01-15 v3.1.10 (3.1.10)
))) (/nix/store/73g1xcs7srr4kf6kabap0zg2hr354f8l-texlive-2025-env-texmfdist/tex/generic/pgf/systemlayer/pgfsyssoftpath.code.tex
File: pgfsyssoftpath.code.tex 2023-01-15 v3.1.10 (3.1.10)
\pgfsyssoftpath@smallbuffer@items=\count304
\pgfsyssoftpath@bigbuffer@items=\count305
) (/nix/store/73g1xcs7srr4kf6kabap0zg2hr354f8l-texlive-2025-env-texmfdist/tex/generic/pgf/systemlayer/pgfsysprotocol.code.tex
File: pgfsysprotocol.code.tex 2023-01-15 v3.1.10 (3.1.10)
)) (/nix/store/73g1xcs7srr4kf6kabap0zg2hr354f8l-texlive-2025-env-texmfdist/tex/generic/pgf/basiclayer/pgfcore.code.tex
Package: pgfcore 2023-01-15 v3.1.10 (3.1.10)
 (/nix/store/73g1xcs7srr4kf6kabap0zg2hr354f8l-texlive-2025-env-texmfdist/tex/generic/pgf/math/pgfmath.code.tex (/nix/store/73g1xcs7srr4kf6kabap0zg2hr354f8l-texlive-2025-env-texmfdist/tex/generic/pgf/math/pgfmathutil.code.tex) (/nix/store/73g1xcs7srr4kf6kabap0zg2hr354f8l-texlive-2025-env-texmfdist/tex/generic/pgf/math/pgfmathparser.code.tex
\pgfmath@dimen=\dimen182
\pgfmath@count=\count306
\pgfmath@box=\box57
\pgfmath@toks=\toks30
\pgfmath@stack@operand=\toks31
\pgfmath@stack@operation=\toks32
) (/nix/store/73g1xcs7srr4kf6kabap0zg2hr354f8l-texlive-2025-env-texmfdist/tex/generic/pgf/math/pgfmathfunctions.code.tex) (/nix/store/73g1xcs7srr4kf6kabap0zg2hr354f8l-texlive-2025-env-texmfdist/tex/generic/pgf/math/pgfmathfunctions.basic.code.tex) (/nix/store/73g1xcs7srr4kf6kabap0zg2hr354f8l-texlive-2025-env-texmfdist/tex/generic/pgf/math/pgfmathfunctions.trigonometric.code.tex) (/nix/store/73g1xcs7srr4kf6kabap0zg2hr354f8l-texlive-2025-env-texmfdist/tex/generic/pgf/math/pgfmathfunctions.random.code.tex) (/nix/store/73g1xcs7srr4kf6kabap0zg2hr354f8l-texlive-2025-env-texmfdist/tex/generic/pgf/math/pgfmathfunctions.comparison.code.tex) (/nix/store/73g1xcs7srr4kf6kabap0zg2hr354f8l-texlive-2025-env-texmfdist/tex/generic/pgf/math/pgfmathfunctions.base.code.tex) (/nix/store/73g1xcs7srr4kf6kabap0zg2hr354f8l-texlive-2025-env-texmfdist/tex/generic/pgf/math/pgfmathfunctions.round.code.tex) (/nix/store/73g1xcs7srr4kf6kabap0zg2hr354f8l-texlive-2025-env-texmfdist/tex/generic/pgf/math/pgfmathfunctions.misc.code.tex) (/nix/store/73g1xcs7srr4kf6kabap0zg2hr354f8l-texlive-2025-env-texmfdist/tex/generic/pgf/math/pgfmathfunctions.integerarithmetics.code.tex) (/nix/store/73g1xcs7srr4kf6kabap0zg2hr354f8l-texlive-2025-env-texmfdist/tex/generic/pgf/math/pgfmathcalc.code.tex) (/nix/store/73g1xcs7srr4kf6kabap0zg2hr354f8l-texlive-2025-env-texmfdist/tex/generic/pgf/math/pgfmathfloat.code.tex
\c@pgfmathroundto@lastzeros=\count307
)) (/nix/store/73g1xcs7srr4kf6kabap0zg2hr354f8l-texlive-2025-env-texmfdist/tex/generic/pgf/math/pgfint.code.tex) (/nix/store/73g1xcs7srr4kf6kabap0zg2hr354f8l-texlive-2025-env-texmfdist/tex/generic/pgf/basiclayer/pgfcorepoints.code.tex
File: pgfcorepoints.code.tex 2023-01-15 v3.1.10 (3.1.10)
\pgf@picminx=\dimen183
\pgf@picmaxx=\dimen184
\pgf@picminy=\dimen185
\pgf@picmaxy=\dimen186
\pgf@pathminx=\dimen187
\pgf@pathmaxx=\dimen188
\pgf@pathminy=\dimen189
\pgf@pathmaxy=\dimen190
\pgf@xx=\dimen191
\pgf@xy=\dimen192
\pgf@yx=\dimen193
\pgf@yy=\dimen194
\pgf@zx=\dimen195
\pgf@zy=\dimen196
) (/nix/store/73g1xcs7srr4kf6kabap0zg2hr354f8l-texlive-2025-env-texmfdist/tex/generic/pgf/basiclayer/pgfcorepathconstruct.code.tex
File: pgfcorepathconstruct.code.tex 2023-01-15 v3.1.10 (3.1.10)
\pgf@path@lastx=\dimen197
\pgf@path@lasty=\dimen198
) (/nix/store/73g1xcs7srr4kf6kabap0zg2hr354f8l-texlive-2025-env-texmfdist/tex/generic/pgf/basiclayer/pgfcorepathusage.code.tex
File: pgfcorepathusage.code.tex 2023-01-15 v3.1.10 (3.1.10)
\pgf@shorten@end@additional=\dimen199
\pgf@shorten@start@additional=\dimen256
) (/nix/store/73g1xcs7srr4kf6kabap0zg2hr354f8l-texlive-2025-env-texmfdist/tex/generic/pgf/basiclayer/pgfcorescopes.code.tex
File: pgfcorescopes.code.tex 2023-01-15 v3.1.10 (3.1.10)
\pgfpic=\box58
\pgf@hbox=\box59
\pgf@layerbox@main=\box60
\pgf@picture@serial@count=\count308
) (/nix/store/73g1xcs7srr4kf6kabap0zg2hr354f8l-texlive-2025-env-texmfdist/tex/generic/pgf/basiclayer/pgfcoregraphicstate.code.tex
File: pgfcoregraphicstate.code.tex 2023-01-15 v3.1.10 (3.1.10)
\pgflinewidth=\dimen257
) (/nix/store/73g1xcs7srr4kf6kabap0zg2hr354f8l-texlive-2025-env-texmfdist/tex/generic/pgf/basiclayer/pgfcoretransformations.code.tex
File: pgfcoretransformations.code.tex 2023-01-15 v3.1.10 (3.1.10)
\pgf@pt@x=\dimen258
\pgf@pt@y=\dimen259
\pgf@pt@temp=\dimen260
) (/nix/store/73g1xcs7srr4kf6kabap0zg2hr354f8l-texlive-2025-env-texmfdist/tex/generic/pgf/basiclayer/pgfcorequick.code.tex
File: pgfcorequick.code.tex 2023-01-15 v3.1.10 (3.1.10)
) (/nix/store/73g1xcs7srr4kf6kabap0zg2hr354f8l-texlive-2025-env-texmfdist/tex/generic/pgf/basiclayer/pgfcoreobjects.code.tex
File: pgfcoreobjects.code.tex 2023-01-15 v3.1.10 (3.1.10)
) (/nix/store/73g1xcs7srr4kf6kabap0zg2hr354f8l-texlive-2025-env-texmfdist/tex/generic/pgf/basiclayer/pgfcorepathprocessing.code.tex
File: pgfcorepathprocessing.code.tex 2023-01-15 v3.1.10 (3.1.10)
) (/nix/store/73g1xcs7srr4kf6kabap0zg2hr354f8l-texlive-2025-env-texmfdist/tex/generic/pgf/basiclayer/pgfcorearrows.code.tex
File: pgfcorearrows.code.tex 2023-01-15 v3.1.10 (3.1.10)
\pgfarrowsep=\dimen261
) (/nix/store/73g1xcs7srr4kf6kabap0zg2hr354f8l-texlive-2025-env-texmfdist/tex/generic/pgf/basiclayer/pgfcoreshade.code.tex
File: pgfcoreshade.code.tex 2023-01-15 v3.1.10 (3.1.10)
\pgf@max=\dimen262
\pgf@sys@shading@range@num=\count309
\pgf@shadingcount=\count310
) (/nix/store/73g1xcs7srr4kf6kabap0zg2hr354f8l-texlive-2025-env-texmfdist/tex/generic/pgf/basiclayer/pgfcoreimage.code.tex
File: pgfcoreimage.code.tex 2023-01-15 v3.1.10 (3.1.10)
) (/nix/store/73g1xcs7srr4kf6kabap0zg2hr354f8l-texlive-2025-env-texmfdist/tex/generic/pgf/basiclayer/pgfcoreexternal.code.tex
File: pgfcoreexternal.code.tex 2023-01-15 v3.1.10 (3.1.10)
\pgfexternal@startupbox=\box61
) (/nix/store/73g1xcs7srr4kf6kabap0zg2hr354f8l-texlive-2025-env-texmfdist/tex/generic/pgf/basiclayer/pgfcorelayers.code.tex
File: pgfcorelayers.code.tex 2023-01-15 v3.1.10 (3.1.10)
) (/nix/store/73g1xcs7srr4kf6kabap0zg2hr354f8l-texlive-2025-env-texmfdist/tex/generic/pgf/basiclayer/pgfcoretransparency.code.tex
File: pgfcoretransparency.code.tex 2023-01-15 v3.1.10 (3.1.10)
) (/nix/store/73g1xcs7srr4kf6kabap0zg2hr354f8l-texlive-2025-env-texmfdist/tex/generic/pgf/basiclayer/pgfcorepatterns.code.tex
File: pgfcorepatterns.code.tex 2023-01-15 v3.1.10 (3.1.10)
) (/nix/store/73g1xcs7srr4kf6kabap0zg2hr354f8l-texlive-2025-env-texmfdist/tex/generic/pgf/basiclayer/pgfcorerdf.code.tex
File: pgfcorerdf.code.tex 2023-01-15 v3.1.10 (3.1.10)
))) (/nix/store/73g1xcs7srr4kf6kabap0zg2hr354f8l-texlive-2025-env-texmfdist/tex/generic/pgf/modules/pgfmoduleshapes.code.tex
File: pgfmoduleshapes.code.tex 2023-01-15 v3.1.10 (3.1.10)
\pgfnodeparttextbox=\box62
) (/nix/store/73g1xcs7srr4kf6kabap0zg2hr354f8l-texlive-2025-env-texmfdist/tex/generic/pgf/modules/pgfmoduleplot.code.tex
File: pgfmoduleplot.code.tex 2023-01-15 v3.1.10 (3.1.10)
) (/nix/store/73g1xcs7srr4kf6kabap0zg2hr354f8l-texlive-2025-env-texmfdist/tex/latex/pgf/compatibility/pgfcomp-version-0-65.sty
Package: pgfcomp-version-0-65 2023-01-15 v3.1.10 (3.1.10)
\pgf@nodesepstart=\dimen263
\pgf@nodesepend=\dimen264
) (/nix/store/73g1xcs7srr4kf6kabap0zg2hr354f8l-texlive-2025-env-texmfdist/tex/latex/pgf/compatibility/pgfcomp-version-1-18.sty
Package: pgfcomp-version-1-18 2023-01-15 v3.1.10 (3.1.10)
)) (/nix/store/73g1xcs7srr4kf6kabap0zg2hr354f8l-texlive-2025-env-texmfdist/tex/latex/pgf/utilities/pgffor.sty (/nix/store/73g1xcs7srr4kf6kabap0zg2hr354f8l-texlive-2025-env-texmfdist/tex/latex/pgf/utilities/pgfkeys.sty (/nix/store/73g1xcs7srr4kf6kabap0zg2hr354f8l-texlive-2025-env-texmfdist/tex/generic/pgf/utilities/pgfkeys.code.tex)) (/nix/store/73g1xcs7srr4kf6kabap0zg2hr354f8l-texlive-2025-env-texmfdist/tex/latex/pgf/math/pgfmath.sty (/nix/store/73g1xcs7srr4kf6kabap0zg2hr354f8l-texlive-2025-env-texmfdist/tex/generic/pgf/math/pgfmath.code.tex)) (/nix/store/73g1xcs7srr4kf6kabap0zg2hr354f8l-texlive-2025-env-texmfdist/tex/generic/pgf/utilities/pgffor.code.tex
Package: pgffor 2023-01-15 v3.1.10 (3.1.10)
\pgffor@iter=\dimen265
\pgffor@skip=\dimen266
\pgffor@stack=\toks33
\pgffor@toks=\toks34
)) (/nix/store/73g1xcs7srr4kf6kabap0zg2hr354f8l-texlive-2025-env-texmfdist/tex/generic/pgf/frontendlayer/tikz/tikz.code.tex
Package: tikz 2023-01-15 v3.1.10 (3.1.10)
 (/nix/store/73g1xcs7srr4kf6kabap0zg2hr354f8l-texlive-2025-env-texmfdist/tex/generic/pgf/libraries/pgflibraryplothandlers.code.tex
File: pgflibraryplothandlers.code.tex 2023-01-15 v3.1.10 (3.1.10)
\pgf@plot@mark@count=\count311
\pgfplotmarksize=\dimen267
)
\tikz@lastx=\dimen268
\tikz@lasty=\dimen269
\tikz@lastxsaved=\dimen270
\tikz@lastysaved=\dimen271
\tikz@lastmovetox=\dimen272
\tikz@lastmovetoy=\dimen273
\tikzleveldistance=\dimen274
\tikzsiblingdistance=\dimen275
\tikz@figbox=\box63
\tikz@figbox@bg=\box64
\tikz@tempbox=\box65
\tikz@tempbox@bg=\box66
\tikztreelevel=\count312
\tikznumberofchildren=\count313
\tikznumberofcurrentchild=\count314
\tikz@fig@count=\count315
 (/nix/store/73g1xcs7srr4kf6kabap0zg2hr354f8l-texlive-2025-env-texmfdist/tex/generic/pgf/modules/pgfmodulematrix.code.tex
File: pgfmodulematrix.code.tex 2023-01-15 v3.1.10 (3.1.10)
\pgfmatrixcurrentrow=\count316
\pgfmatrixcurrentcolumn=\count317
\pgf@matrix@numberofcolumns=\count318
)
\tikz@expandcount=\count319
 (/nix/store/73g1xcs7srr4kf6kabap0zg2hr354f8l-texlive-2025-env-texmfdist/tex/generic/pgf/frontendlayer/tikz/libraries/tikzlibrarytopaths.code.tex
File: tikzlibrarytopaths.code.tex 2023-01-15 v3.1.10 (3.1.10)
))) (/nix/store/73g1xcs7srr4kf6kabap0zg2hr354f8l-texlive-2025-env-texmfdist/tex/latex/tools/verbatim.sty
Package: verbatim 2024-01-22 v1.5x LaTeX2e package for verbatim enhancements
\every@verbatim=\toks35
\verbatim@line=\toks36
\verbatim@in@stream=\read3
) (/nix/store/73g1xcs7srr4kf6kabap0zg2hr354f8l-texlive-2025-env-texmfdist/tex/latex/environ/environ.sty
Package: environ 2014/05/04 v0.3 A new way to define environments
 (/nix/store/73g1xcs7srr4kf6kabap0zg2hr354f8l-texlive-2025-env-texmfdist/tex/latex/trimspaces/trimspaces.sty
Package: trimspaces 2009/09/17 v1.1 Trim spaces around a token list
)) (/nix/store/73g1xcs7srr4kf6kabap0zg2hr354f8l-texlive-2025-env-texmfdist/tex/latex/etoolbox/etoolbox.sty
Package: etoolbox 2025/02/11 v2.5l e-TeX tools for LaTeX (JAW)
\etb@tempcnta=\count320
)
\tcb@titlebox=\box67
\tcb@upperbox=\box68
\tcb@lowerbox=\box69
\tcb@phantombox=\box70
\c@tcbbreakpart=\count321
\c@tcblayer=\count322
\c@tcolorbox@number=\count323
\l__tcobox_tmpa_box=\box71
\l__tcobox_tmpa_dim=\dimen276
\tcb@temp=\box72
\tcb@temp=\box73
\tcb@temp=\box74
\tcb@temp=\box75
 (/nix/store/73g1xcs7srr4kf6kabap0zg2hr354f8l-texlive-2025-env-texmfdist/tex/latex/tcolorbox/tcbskins.code.tex
Library (tcolorbox): 'tcbskins.code.tex' version '6.6.0'
(/nix/store/73g1xcs7srr4kf6kabap0zg2hr354f8l-texlive-2025-env-texmfdist/tex/latex/tikzfill/tikzfill.image.sty
Package: tikzfill.image 2023/08/08 v1.0.1 Image filling library for TikZ
 (/nix/store/73g1xcs7srr4kf6kabap0zg2hr354f8l-texlive-2025-env-texmfdist/tex/latex/tikzfill/tikzfill-common.sty
Package: tikzfill-common 2023/08/08 v1.0.1 Auxiliary code for tikzfill
) (/nix/store/73g1xcs7srr4kf6kabap0zg2hr354f8l-texlive-2025-env-texmfdist/tex/latex/tikzfill/tikzlibraryfill.image.code.tex
File: tikzlibraryfill.image.code.tex 2023/08/08 v1.0.1 Image filling library
\l__tikzfill_img_box=\box76
)) (/nix/store/73g1xcs7srr4kf6kabap0zg2hr354f8l-texlive-2025-env-texmfdist/tex/latex/tcolorbox/tcbskinsjigsaw.code.tex
Library (tcolorbox): 'tcbskinsjigsaw.code.tex' version '6.6.0'
)) (/nix/store/73g1xcs7srr4kf6kabap0zg2hr354f8l-texlive-2025-env-texmfdist/tex/latex/tcolorbox/tcbraster.code.tex
Library (tcolorbox): 'tcbraster.code.tex' version '6.6.0'
\c@tcbrastercolumn=\count324
\c@tcbrasterrow=\count325
\c@tcbrasternum=\count326
\c@tcbraster=\count327
) (/nix/store/73g1xcs7srr4kf6kabap0zg2hr354f8l-texlive-2025-env-texmfdist/tex/latex/tcolorbox/tcbbreakable.code.tex
Library (tcolorbox): 'tcbbreakable.code.tex' version '6.6.0'
(/nix/store/73g1xcs7srr4kf6kabap0zg2hr354f8l-texlive-2025-env-texmfdist/tex/latex/pdfcol/pdfcol.sty
Package: pdfcol 2022-09-21 v1.7 Handle new color stacks for pdfTeX (HO)
 (/nix/store/73g1xcs7srr4kf6kabap0zg2hr354f8l-texlive-2025-env-texmfdist/tex/generic/ltxcmds/ltxcmds.sty
Package: ltxcmds 2023-12-04 v1.26 LaTeX kernel commands for general use (HO)
) (/nix/store/73g1xcs7srr4kf6kabap0zg2hr354f8l-texlive-2025-env-texmfdist/tex/generic/infwarerr/infwarerr.sty
Package: infwarerr 2019/12/03 v1.5 Providing info/warning/error messages (HO)
))
Package pdfcol Info: New color stack `tcb@breakable' = 1 on input line 23.
\tcb@testbox=\box77
\tcb@totalupperbox=\box78
\tcb@totallowerbox=\box79
) (/nix/store/73g1xcs7srr4kf6kabap0zg2hr354f8l-texlive-2025-env-texmfdist/tex/latex/tcolorbox/tcbhooks.code.tex
Library (tcolorbox): 'tcbhooks.code.tex' version '6.6.0'
) (/nix/store/73g1xcs7srr4kf6kabap0zg2hr354f8l-texlive-2025-env-texmfdist/tex/latex/tcolorbox/tcbtheorems.code.tex
Library (tcolorbox): 'tcbtheorems.code.tex' version '6.6.0'
) (/nix/store/73g1xcs7srr4kf6kabap0zg2hr354f8l-texlive-2025-env-texmfdist/tex/latex/tcolorbox/tcbfitting.code.tex
Library (tcolorbox): 'tcbfitting.code.tex' version '6.6.0'
\tcbfitdim=\dimen277
\tcb@lowerfitdim=\dimen278
\tcb@upperfitdim=\dimen279
\tcb@cur@hbadness=\count328
) (/nix/store/73g1xcs7srr4kf6kabap0zg2hr354f8l-texlive-2025-env-texmfdist/tex/latex/tcolorbox/tcblistingsutf8.code.tex
Library (tcolorbox): 'tcblistingsutf8.code.tex' version '6.6.0'
(/nix/store/73g1xcs7srr4kf6kabap0zg2hr354f8l-texlive-2025-env-texmfdist/tex/latex/tcolorbox/tcblistings.code.tex
Library (tcolorbox): 'tcblistings.code.tex' version '6.6.0'
(/nix/store/73g1xcs7srr4kf6kabap0zg2hr354f8l-texlive-2025-env-texmfdist/tex/latex/listings/listings.sty
\lst@mode=\count329
\lst@gtempboxa=\box80
\lst@token=\toks37
\lst@length=\count330
\lst@currlwidth=\dimen280
\lst@column=\count331
\lst@pos=\count332
\lst@lostspace=\dimen281
\lst@width=\dimen282
\lst@newlines=\count333
\lst@lineno=\count334
\lst@maxwidth=\dimen283
 (/nix/store/73g1xcs7srr4kf6kabap0zg2hr354f8l-texlive-2025-env-texmfdist/tex/latex/listings/lstpatch.sty
File: lstpatch.sty 2024/09/23 1.10c (Carsten Heinz)
) (/nix/store/73g1xcs7srr4kf6kabap0zg2hr354f8l-texlive-2025-env-texmfdist/tex/latex/listings/lstmisc.sty
File: lstmisc.sty 2024/09/23 1.10c (Carsten Heinz)
\c@lstnumber=\count335
\lst@skipnumbers=\count336
\lst@framebox=\box81
) (/nix/store/73g1xcs7srr4kf6kabap0zg2hr354f8l-texlive-2025-env-texmfdist/tex/latex/listings/listings.cfg
File: listings.cfg 2024/09/23 1.10c listings configuration
))
Package: listings 2024/09/23 1.10c (Carsten Heinz)
 (/nix/store/73g1xcs7srr4kf6kabap0zg2hr354f8l-texlive-2025-env-texmfdist/tex/latex/tcolorbox/tcblistingscore.code.tex
Library (tcolorbox): 'tcblistingscore.code.tex' version '6.6.0'
(/nix/store/73g1xcs7srr4kf6kabap0zg2hr354f8l-texlive-2025-env-texmfdist/tex/latex/tcolorbox/tcbprocessing.code.tex
Library (tcolorbox): 'tcbprocessing.code.tex' version '6.6.0'
)
\c@tcblisting=\count337
)) (/nix/store/73g1xcs7srr4kf6kabap0zg2hr354f8l-texlive-2025-env-texmfdist/tex/latex/listingsutf8/listingsutf8.sty
Package: listingsutf8 2019-12-10 v1.5 Allow UTF-8 in listings input (HO)
 (/nix/store/73g1xcs7srr4kf6kabap0zg2hr354f8l-texlive-2025-env-texmfdist/tex/generic/pdftexcmds/pdftexcmds.sty
Package: pdftexcmds 2020-06-27 v0.33 Utility functions of pdfTeX for LuaTeX (HO)
Package pdftexcmds Info: \pdf@primitive is available.
Package pdftexcmds Info: \pdf@ifprimitive is available.
Package pdftexcmds Info: \pdfdraftmode found.
) (/nix/store/73g1xcs7srr4kf6kabap0zg2hr354f8l-texlive-2025-env-texmfdist/tex/generic/stringenc/stringenc.sty
Package: stringenc 2019/11/29 v1.12 Convert strings between diff. encodings (HO)
 (/nix/store/73g1xcs7srr4kf6kabap0zg2hr354f8l-texlive-2025-env-texmfdist/tex/generic/pdfescape/pdfescape.sty
Package: pdfescape 2019/12/09 v1.15 Implements pdfTeX's escape features (HO)
)))) (/nix/store/73g1xcs7srr4kf6kabap0zg2hr354f8l-texlive-2025-env-texmfdist/tex/latex/tcolorbox/tcbexternal.code.tex
Library (tcolorbox): 'tcbexternal.code.tex' version '6.6.0'
) (/nix/store/73g1xcs7srr4kf6kabap0zg2hr354f8l-texlive-2025-env-texmfdist/tex/latex/tcolorbox/tcbmagazine.code.tex
Library (tcolorbox): 'tcbmagazine.code.tex' version '6.6.0'
) (/nix/store/73g1xcs7srr4kf6kabap0zg2hr354f8l-texlive-2025-env-texmfdist/tex/latex/tcolorbox/tcbvignette.code.tex
Library (tcolorbox): 'tcbvignette.code.tex' version '6.6.0'
(/nix/store/73g1xcs7srr4kf6kabap0zg2hr354f8l-texlive-2025-env-texmfdist/tex/generic/pgf/frontendlayer/tikz/libraries/tikzlibraryfadings.code.tex
File: tikzlibraryfadings.code.tex 2023-01-15 v3.1.10 (3.1.10)
 (/nix/store/73g1xcs7srr4kf6kabap0zg2hr354f8l-texlive-2025-env-texmfdist/tex/generic/pgf/libraries/pgflibraryfadings.code.tex
File: pgflibraryfadings.code.tex 2023-01-15 v3.1.10 (3.1.10)
))) (/nix/store/73g1xcs7srr4kf6kabap0zg2hr354f8l-texlive-2025-env-texmfdist/tex/latex/tcolorbox/tcbposter.code.tex
Library (tcolorbox): 'tcbposter.code.tex' version '6.6.0'
)) (/nix/store/73g1xcs7srr4kf6kabap0zg2hr354f8l-texlive-2025-env-texmfdist/tex/latex/eso-pic/eso-pic.sty
Package: eso-pic 2023/05/03 v3.0c eso-pic (RN)
\ESO@tempdima=\dimen284
\ESO@tempdimb=\dimen285
) (/nix/store/73g1xcs7srr4kf6kabap0zg2hr354f8l-texlive-2025-env-texmfdist/tex/generic/pgf/frontendlayer/tikz/libraries/tikzlibrarycalc.code.tex
File: tikzlibrarycalc.code.tex 2023-01-15 v3.1.10 (3.1.10)
) (/nix/store/73g1xcs7srr4kf6kabap0zg2hr354f8l-texlive-2025-env-texmfdist/tex/latex/pgf-blur/tikzlibraryshadows.blur.code.tex  v1.02, 2012/12/09 (/nix/store/73g1xcs7srr4kf6kabap0zg2hr354f8l-texlive-2025-env-texmfdist/tex/generic/pgf/frontendlayer/tikz/libraries/tikzlibraryshadows.code.tex
File: tikzlibraryshadows.code.tex 2023-01-15 v3.1.10 (3.1.10)
)
\pgfbs@fading@count=\count338
) (/nix/store/73g1xcs7srr4kf6kabap0zg2hr354f8l-texlive-2025-env-texmfdist/tex/generic/pgf/frontendlayer/tikz/libraries/tikzlibraryangles.code.tex
File: tikzlibraryangles.code.tex 2023-01-15 v3.1.10 (3.1.10)
) (/nix/store/73g1xcs7srr4kf6kabap0zg2hr354f8l-texlive-2025-env-texmfdist/tex/generic/pgf/frontendlayer/tikz/libraries/tikzlibraryquotes.code.tex
File: tikzlibraryquotes.code.tex 2023-01-15 v3.1.10 (3.1.10)
) (/nix/store/73g1xcs7srr4kf6kabap0zg2hr354f8l-texlive-2025-env-texmfdist/tex/generic/pgf/frontendlayer/tikz/libraries/tikzlibrary3d.code.tex
File: tikzlibrary3d.code.tex 2023-01-15 v3.1.10 (3.1.10)
)
LaTeX Font Info:    Trying to load font information for T1+fnc on input line 92.
 (/nix/store/73g1xcs7srr4kf6kabap0zg2hr354f8l-texlive-2025-env-texmfdist/tex/latex/fouriernc/t1fnc.fd
File: t1fnc.fd 2005/12/13 scaled font definitions for T1/fnc.
)
LaTeX Font Info:    Font shape `T1/fnc/m/n' will be
(Font)              scaled to size 9.29993pt on input line 92.
 (/nix/store/73g1xcs7srr4kf6kabap0zg2hr354f8l-texlive-2025-env-texmfdist/tex/latex/l3backend/l3backend-pdftex.def
File: l3backend-pdftex.def 2025-06-09 L3 backend support: PDF output (pdfTeX)
\l__color_backend_stack_int=\count339
) (./main.aux)
\openout1 = `main.aux'.

LaTeX Font Info:    Checking defaults for OML/cmm/m/it on input line 92.
LaTeX Font Info:    ... okay on input line 92.
LaTeX Font Info:    Checking defaults for OMS/cmsy/m/n on input line 92.
LaTeX Font Info:    ... okay on input line 92.
LaTeX Font Info:    Checking defaults for OT1/cmr/m/n on input line 92.
LaTeX Font Info:    ... okay on input line 92.
LaTeX Font Info:    Checking defaults for T1/cmr/m/n on input line 92.
LaTeX Font Info:    ... okay on input line 92.
LaTeX Font Info:    Checking defaults for TS1/cmr/m/n on input line 92.
LaTeX Font Info:    ... okay on input line 92.
LaTeX Font Info:    Checking defaults for OMX/cmex/m/n on input line 92.
LaTeX Font Info:    ... okay on input line 92.
LaTeX Font Info:    Checking defaults for U/cmr/m/n on input line 92.
LaTeX Font Info:    ... okay on input line 92.
LaTeX Font Info:    Checking defaults for FML/fncmi/m/it on input line 92.
LaTeX Font Info:    Trying to load font information for FML+fncmi on input line 92.
 (/nix/store/73g1xcs7srr4kf6kabap0zg2hr354f8l-texlive-2025-env-texmfdist/tex/latex/fouriernc/fmlfncmi.fd
File: fmlfncmi.fd 2005/12/20 Fontinst v1.928 font definitions for FML/fncmi.
)
LaTeX Font Info:    ... okay on input line 92.
LaTeX Font Info:    Checking defaults for FMS/fncm/m/n on input line 92.
LaTeX Font Info:    Trying to load font information for FMS+fncm on input line 92.
 (/nix/store/73g1xcs7srr4kf6kabap0zg2hr354f8l-texlive-2025-env-texmfdist/tex/latex/fouriernc/fmsfncm.fd
File: fmsfncm.fd 2005/12/20 Fontinst v1.928 font definitions for FMS/fncm.
)
LaTeX Font Info:    ... okay on input line 92.
LaTeX Font Info:    Checking defaults for FMX/futm/m/n on input line 92.
LaTeX Font Info:    Trying to load font information for FMX+futm on input line 92.
 (/nix/store/73g1xcs7srr4kf6kabap0zg2hr354f8l-texlive-2025-env-texmfdist/tex/latex/fourier/fmxfutm.fd
File: fmxfutm.fd futm-extension
)
LaTeX Font Info:    ... okay on input line 92.
 (/nix/store/73g1xcs7srr4kf6kabap0zg2hr354f8l-texlive-2025-env-texmfdist/tex/context/base/mkii/supp-pdf.mkii
[Loading MPS to PDF converter (version 2006.09.02).]
\scratchcounter=\count340
\scratchdimen=\dimen286
\scratchbox=\box82
\nofMPsegments=\count341
\nofMParguments=\count342
\everyMPshowfont=\toks38
\MPscratchCnt=\count343
\MPscratchDim=\dimen287
\MPnumerator=\count344
\makeMPintoPDFobject=\count345
\everyMPtoPDFconversion=\toks39
) (/nix/store/73g1xcs7srr4kf6kabap0zg2hr354f8l-texlive-2025-env-texmfdist/tex/latex/epstopdf-pkg/epstopdf-base.sty
Package: epstopdf-base 2020-01-24 v2.11 Base part for package epstopdf
Package epstopdf-base Info: Redefining graphics rule for `.eps' on input line 485.
 (/nix/store/73g1xcs7srr4kf6kabap0zg2hr354f8l-texlive-2025-env-texmfdist/tex/latex/latexconfig/epstopdf-sys.cfg
File: epstopdf-sys.cfg 2010/07/13 v1.3 Configuration of (r)epstopdf for TeX Live
))
LaTeX Font Info:    Redeclaring math accent \widehat on input line 92.
LaTeX Font Info:    Redeclaring math accent \widetilde on input line 92.
\c@lstlisting=\count346
 (/nix/store/73g1xcs7srr4kf6kabap0zg2hr354f8l-texlive-2025-env-texmfdist/tex/latex/base/inputenc.sty
Package: inputenc 2024/02/08 v1.3d Input encoding file
\inpenc@prehook=\toks40
\inpenc@posthook=\toks41
)
LaTeX Font Info:    Font shape `T1/fnc/m/n' will be
(Font)              scaled to size 16.07027pt on input line 94.
LaTeX Font Info:    Font shape `T1/fnc/b/n' will be
(Font)              scaled to size 16.07027pt on input line 94.
LaTeX Font Info:    Font shape `T1/fnc/m/n' will be
(Font)              scaled to size 11.15991pt on input line 94.
LaTeX Font Info:    Font shape `T1/fnc/m/n' will be
(Font)              scaled to size 8.36993pt on input line 94.
LaTeX Font Info:    Font shape `T1/fnc/m/n' will be
(Font)              scaled to size 6.50995pt on input line 94.
LaTeX Font Info:    Font shape `FMX/futm/m/n' will be
(Font)              scaled to size 11.03998pt on input line 94.
LaTeX Font Info:    Font shape `FMX/futm/m/n' will be
(Font)              scaled to size 8.27998pt on input line 94.
LaTeX Font Info:    Font shape `FMX/futm/m/n' will be
(Font)              scaled to size 6.43999pt on input line 94.
LaTeX Font Info:    Trying to load font information for FML+fncm on input line 94.
 (/nix/store/73g1xcs7srr4kf6kabap0zg2hr354f8l-texlive-2025-env-texmfdist/tex/latex/fouriernc/fmlfncm.fd
File: fmlfncm.fd 2005/12/20 Fontinst v1.928 font definitions for FML/fncm.
)
LaTeX Font Info:    Font shape `U/futm/m/n' will be
(Font)              scaled to size 11.03998pt on input line 94.
LaTeX Font Info:    Font shape `U/futm/m/n' will be
(Font)              scaled to size 8.27998pt on input line 94.
LaTeX Font Info:    Font shape `U/futm/m/n' will be
(Font)              scaled to size 6.43999pt on input line 94.
LaTeX Font Info:    Trying to load font information for U+msa on input line 94.
 (/nix/store/73g1xcs7srr4kf6kabap0zg2hr354f8l-texlive-2025-env-texmfdist/tex/latex/amsfonts/umsa.fd
File: umsa.fd 2013/01/14 v3.01 AMS symbols A
)
LaTeX Font Info:    Trying to load font information for U+msb on input line 94.
 (/nix/store/73g1xcs7srr4kf6kabap0zg2hr354f8l-texlive-2025-env-texmfdist/tex/latex/amsfonts/umsb.fd
File: umsb.fd 2013/01/14 v3.01 AMS symbols B
)
LaTeX Font Info:    Font shape `T1/fnc/m/n' will be
(Font)              scaled to size 13.39188pt on input line 96.
LaTeX Font Info:    Font shape `T1/fnc/b/n' will be
(Font)              scaled to size 13.39188pt on input line 96.
<images/imageb.png, id=41, 90.3375pt x 90.3375pt>
File: images/imageb.png Graphic file (type png)
<use images/imageb.png>
Package pdftex.def Info: images/imageb.png  used on input line 102.
(pdftex.def)             Requested size: 17.07164pt x 17.07056pt.
LaTeX Font Info:    Font shape `T1/fnc/m/n' will be
(Font)              scaled to size 7.06795pt on input line 116.
LaTeX Font Info:    Font shape `T1/fnc/m/n' will be
(Font)              scaled to size 5.57996pt on input line 116.
LaTeX Font Info:    Font shape `FMX/futm/m/n' will be
(Font)              scaled to size 9.19998pt on input line 116.
LaTeX Font Info:    Font shape `FMX/futm/m/n' will be
(Font)              scaled to size 6.99199pt on input line 116.
LaTeX Font Info:    Font shape `FMX/futm/m/n' will be
(Font)              scaled to size 5.51999pt on input line 116.
LaTeX Font Info:    Font shape `U/futm/m/n' will be
(Font)              scaled to size 9.19998pt on input line 116.
LaTeX Font Info:    Font shape `U/futm/m/n' will be
(Font)              scaled to size 6.99199pt on input line 116.
LaTeX Font Info:    Font shape `U/futm/m/n' will be
(Font)              scaled to size 5.51999pt on input line 116.
File: images/imageb.png Graphic file (type png)
<use images/imageb.png>
Package pdftex.def Info: images/imageb.png  used on input line 121.
(pdftex.def)             Requested size: 17.07164pt x 17.07056pt.




[1{/nix/store/k007nps8qvj2nrs1k9rpwnn2cgm68dzi-texlive-2025-env/share/texmf-var/fonts/map/pdftex/updmap/pdftex.map}{/nix/store/73g1xcs7srr4kf6kabap0zg2hr354f8l-texlive-2025-env-texmfdist/fonts/enc/dvips/base/8r.enc}


{/nix/store/73g1xcs7srr4kf6kabap0zg2hr354f8l-texlive-2025-env-texmfdist/fonts/enc/dvips/cm-super/cm-super-t1.enc}

 <./images/imageb.png>] (./main.aux)
 ***********
LaTeX2e <2025-06-01> patch level 1
L3 programming layer <2025-06-09>
 ***********
 ) 
Here is how much of TeX's memory you used:
 22535 strings out of 467890
 494961 string characters out of 5410143
 889007 words of memory out of 5000000
 50639 multiletter control sequences out of 15000+600000
 667731 words of font info for 111 fonts, out of 8000000 for 9000
 1141 hyphenation exceptions out of 8191
 98i,8n,101p,462b,1365s stack positions out of 10000i,1000n,20000p,200000b,200000s
</nix/store/73g1xcs7srr4kf6kabap0zg2hr354f8l-texlive-2025-env-texmfdist/fonts/type1/public/fourier/fourier-mex.pfb></nix/store/73g1xcs7srr4kf6kabap0zg2hr354f8l-texlive-2025-env-texmfdist/fonts/type1/public/fourier/fourier-ms.pfb></nix/store/73g1xcs7srr4kf6kabap0zg2hr354f8l-texlive-2025-env-texmfdist/fonts/type1/public/cm-super/sftt1000.pfb></nix/store/73g1xcs7srr4kf6kabap0zg2hr354f8l-texlive-2025-env-texmfdist/fonts/type1/urw/ncntrsbk/uncb8a.pfb></nix/store/73g1xcs7srr4kf6kabap0zg2hr354f8l-texlive-2025-env-texmfdist/fonts/type1/urw/ncntrsbk/uncr8a.pfb></nix/store/73g1xcs7srr4kf6kabap0zg2hr354f8l-texlive-2025-env-texmfdist/fonts/type1/urw/ncntrsbk/uncri8a.pfb>
Output written on main.pdf (1 page, 67303 bytes).
PDF statistics:
 82 PDF objects out of 1000 (max. 8388607)
 40 compressed objects within 1 object stream
 0 named destinations out of 1000 (max. 500000)
 162 words of extra memory for PDF output out of 10000 (max. 10000000)

